2024-10-01 13:07:59,468 - INFO - Starting synchronization...
2024-10-01 13:07:59,468 - INFO - Created directory: Testing\Copy\Test1
2024-10-01 13:07:59,476 - INFO - Copied file: Testing\Original\Test1\New Text Document.txt to Testing\Copy\Test1\New Text Document.txt
2024-10-01 13:07:59,476 - INFO - Synchronization completed in 0.01 seconds.
2024-10-01 13:08:04,479 - INFO - Starting synchronization...
2024-10-01 13:08:04,481 - INFO - Synchronization completed in 0.00 seconds.
2024-10-01 13:08:09,483 - INFO - Starting synchronization...
2024-10-01 13:08:09,485 - INFO - Synchronization completed in 0.00 seconds.
2024-10-01 13:08:14,489 - INFO - Starting synchronization...
2024-10-01 13:08:14,493 - INFO - Synchronization completed in 0.00 seconds.
2024-10-01 13:08:19,511 - INFO - Starting synchronization...
2024-10-01 13:08:19,513 - INFO - Synchronization completed in 0.00 seconds.
2024-10-01 13:08:24,514 - INFO - Starting synchronization...
2024-10-01 13:08:24,514 - INFO - Synchronization completed in 0.00 seconds.
2024-10-01 13:08:29,520 - INFO - Starting synchronization...
2024-10-01 13:08:29,520 - INFO - Synchronization completed in 0.00 seconds.
2024-10-01 13:08:34,526 - INFO - Starting synchronization...
2024-10-01 13:08:34,526 - INFO - Synchronization completed in 0.00 seconds.
2024-10-01 13:08:39,532 - INFO - Starting synchronization...
2024-10-01 13:08:39,535 - INFO - Synchronization completed in 0.00 seconds.
2024-10-01 13:08:44,539 - INFO - Starting synchronization...
2024-10-01 13:08:44,542 - INFO - Synchronization completed in 0.00 seconds.
2024-10-01 13:08:49,545 - INFO - Starting synchronization...
2024-10-01 13:08:49,545 - INFO - Synchronization completed in 0.00 seconds.
2024-10-01 13:08:54,550 - INFO - Starting synchronization...
2024-10-01 13:08:54,552 - INFO - Synchronization completed in 0.00 seconds.
2024-10-01 17:33:27,650 - INFO - Starting synchronization...
2024-10-01 17:33:27,654 - INFO - Synchronization completed in 0.00 seconds.
2024-10-01 17:33:37,655 - INFO - Starting synchronization...
2024-10-01 17:33:37,657 - INFO - Synchronization completed in 0.00 seconds.
2024-10-01 17:33:47,658 - INFO - Starting synchronization...
2024-10-01 17:33:47,659 - INFO - Created directory: Testing\Copy\Test2
2024-10-01 17:33:47,660 - INFO - Copied file: Testing\Original\Test2\asd.txt to Testing\Copy\Test2\asd.txt
2024-10-01 17:33:47,662 - INFO - Synchronization completed in 0.00 seconds.
